# JRE version: Java(TM) SE Runtime Environment (8.0_51-b16) (build 1.8.0_51-b16)
# Java VM: Java HotSpot(TM) 64-Bit Server VM (25.51-b03 mixed mode bsd-amd64 compressed oops)
Heap:
 PSYoungGen      total 37888K, used 4073K [0x0000000795580000, 0x0000000799080000, 0x00000007c0000000)
  eden space 32768K, 7% used [0x0000000795580000,0x000000079580a458,0x0000000797580000)
  from space 5120K, 28% used [0x0000000797600000,0x0000000797770000,0x0000000797b00000)
  to   space 13824K, 0% used [0x0000000798300000,0x0000000798300000,0x0000000799080000)
 ParOldGen       total 71680K, used 11863K [0x0000000740000000, 0x0000000744600000, 0x0000000795580000)
  object space 71680K, 16% used [0x0000000740000000,0x0000000740b95da0,0x0000000744600000)
 Metaspace       used 20634K, capacity 22176K, committed 22400K, reserved 1069056K
  class space    used 2825K, capacity 3125K, committed 3200K, reserved 1048576K
GC Heap History (10 events):
Event: 10.159 GC heap before
{Heap before GC invocations=2 (full 0):
 PSYoungGen      total 38400K, used 37968K [0x0000000795580000, 0x0000000798000000, 0x00000007c0000000)
  eden space 33280K, 100% used [0x0000000795580000,0x0000000797600000,0x0000000797600000)
  from space 5120K, 91% used [0x0000000797600000,0x0000000797a94050,0x0000000797b00000)
  to   space 5120K, 0% used [0x0000000797b00000,0x0000000797b00000,0x0000000798000000)
 ParOldGen       total 87552K, used 80K [0x0000000740000000, 0x0000000745580000, 0x0000000795580000)
  object space 87552K, 0% used [0x0000000740000000,0x0000000740014010,0x0000000745580000)
 Metaspace       used 19617K, capacity 21010K, committed 21296K, reserved 1067008K
  class space    used 2799K, capacity 3076K, committed 3200K, reserved 1048576K
Event: 10.178 GC heap after
Heap after GC invocations=2 (full 0):
 PSYoungGen      total 38400K, used 5104K [0x0000000795580000, 0x0000000798000000, 0x00000007c0000000)
  eden space 33280K, 0% used [0x0000000795580000,0x0000000795580000,0x0000000797600000)
  from space 5120K, 99% used [0x0000000797b00000,0x0000000797ffc030,0x0000000798000000)
  to   space 5120K, 0% used [0x0000000797600000,0x0000000797600000,0x0000000797b00000)
 ParOldGen       total 87552K, used 7373K [0x0000000740000000, 0x0000000745580000, 0x0000000795580000)
  object space 87552K, 8% used [0x0000000740000000,0x00000007407334b0,0x0000000745580000)
 Metaspace       used 19617K, capacity 21010K, committed 21296K, reserved 1067008K
  class space    used 2799K, capacity 3076K, committed 3200K, reserved 1048576K
}
Event: 11.311 GC heap before
{Heap before GC invocations=3 (full 0):
 PSYoungGen      total 38400K, used 6646K [0x0000000795580000, 0x0000000798000000, 0x00000007c0000000)
  eden space 33280K, 4% used [0x0000000795580000,0x0000000795701890,0x0000000797600000)
  from space 5120K, 99% used [0x0000000797b00000,0x0000000797ffc030,0x0000000798000000)
  to   space 5120K, 0% used [0x0000000797600000,0x0000000797600000,0x0000000797b00000)
 ParOldGen       total 87552K, used 7373K [0x0000000740000000, 0x0000000745580000, 0x0000000795580000)
  object space 87552K, 8% used [0x0000000740000000,0x00000007407334b0,0x0000000745580000)
 Metaspace       used 19703K, capacity 21146K, committed 21296K, reserved 1067008K
  class space    used 2799K, capacity 3076K, committed 3200K, reserved 1048576K
Event: 11.322 GC heap after
Heap after GC invocations=3 (full 0):
 PSYoungGen      total 38400K, used 5088K [0x0000000795580000, 0x0000000798000000, 0x00000007c0000000)
  eden space 33280K, 0% used [0x0000000795580000,0x0000000795580000,0x0000000797600000)
  from space 5120K, 99% used [0x0000000797600000,0x0000000797af8020,0x0000000797b00000)
  to   space 5120K, 0% used [0x0000000797b00000,0x0000000797b00000,0x0000000798000000)
 ParOldGen       total 87552K, used 7467K [0x0000000740000000, 0x0000000745580000, 0x0000000795580000)
  object space 87552K, 8% used [0x0000000740000000,0x000000074074af48,0x0000000745580000)
 Metaspace       used 19703K, capacity 21146K, committed 21296K, reserved 1067008K
  class space    used 2799K, capacity 3076K, committed 3200K, reserved 1048576K
}
Event: 11.322 GC heap before
{Heap before GC invocations=4 (full 1):
 PSYoungGen      total 38400K, used 5088K [0x0000000795580000, 0x0000000798000000, 0x00000007c0000000)
  eden space 33280K, 0% used [0x0000000795580000,0x0000000795580000,0x0000000797600000)
  from space 5120K, 99% used [0x0000000797600000,0x0000000797af8020,0x0000000797b00000)
  to   space 5120K, 0% used [0x0000000797b00000,0x0000000797b00000,0x0000000798000000)
 ParOldGen       total 87552K, used 7467K [0x0000000740000000, 0x0000000745580000, 0x0000000795580000)
  object space 87552K, 8% used [0x0000000740000000,0x000000074074af48,0x0000000745580000)
 Metaspace       used 19703K, capacity 21146K, committed 21296K, reserved 1067008K
  class space    used 2799K, capacity 3076K, committed 3200K, reserved 1048576K
Event: 11.397 GC heap after
Heap after GC invocations=4 (full 1):
 PSYoungGen      total 38400K, used 0K [0x0000000795580000, 0x0000000798000000, 0x00000007c0000000)
  eden space 33280K, 0% used [0x0000000795580000,0x0000000795580000,0x0000000797600000)
  from space 5120K, 0% used [0x0000000797600000,0x0000000797600000,0x0000000797b00000)
  to   space 5120K, 0% used [0x0000000797b00000,0x0000000797b00000,0x0000000798000000)
 ParOldGen       total 71680K, used 11847K [0x0000000740000000, 0x0000000744600000, 0x0000000795580000)
  object space 71680K, 16% used [0x0000000740000000,0x0000000740b91da0,0x0000000744600000)
 Metaspace       used 19703K, capacity 21146K, committed 21296K, reserved 1067008K
  class space    used 2799K, capacity 3076K, committed 3200K, reserved 1048576K
}
Event: 173.771 GC heap before
{Heap before GC invocations=5 (full 1):
 PSYoungGen      total 38400K, used 33280K [0x0000000795580000, 0x0000000798000000, 0x00000007c0000000)
  eden space 33280K, 100% used [0x0000000795580000,0x0000000797600000,0x0000000797600000)
  from space 5120K, 0% used [0x0000000797600000,0x0000000797600000,0x0000000797b00000)
  to   space 5120K, 0% used [0x0000000797b00000,0x0000000797b00000,0x0000000798000000)
 ParOldGen       total 71680K, used 11847K [0x0000000740000000, 0x0000000744600000, 0x0000000795580000)
  object space 71680K, 16% used [0x0000000740000000,0x0000000740b91da0,0x0000000744600000)
 Metaspace       used 20347K, capacity 21822K, committed 22144K, reserved 1069056K
  class space    used 2818K, capacity 3118K, committed 3200K, reserved 1048576K
Event: 173.773 GC heap after
Heap after GC invocations=5 (full 1):
 PSYoungGen      total 38400K, used 1088K [0x0000000795580000, 0x0000000798000000, 0x00000007c0000000)
  eden space 33280K, 0% used [0x0000000795580000,0x0000000795580000,0x0000000797600000)
  from space 5120K, 21% used [0x0000000797b00000,0x0000000797c10000,0x0000000798000000)
  to   space 5120K, 0% used [0x0000000797600000,0x0000000797600000,0x0000000797b00000)
 ParOldGen       total 71680K, used 11855K [0x0000000740000000, 0x0000000744600000, 0x0000000795580000)
  object space 71680K, 16% used [0x0000000740000000,0x0000000740b93da0,0x0000000744600000)
 Metaspace       used 20347K, capacity 21822K, committed 22144K, reserved 1069056K
  class space    used 2818K, capacity 3118K, committed 3200K, reserved 1048576K
}
Event: 596.244 GC heap before
{Heap before GC invocations=6 (full 1):
 PSYoungGen      total 38400K, used 34368K [0x0000000795580000, 0x0000000798000000, 0x00000007c0000000)
  eden space 33280K, 100% used [0x0000000795580000,0x0000000797600000,0x0000000797600000)
  from space 5120K, 21% used [0x0000000797b00000,0x0000000797c10000,0x0000000798000000)
  to   space 5120K, 0% used [0x0000000797600000,0x0000000797600000,0x0000000797b00000)
 ParOldGen       total 71680K, used 11855K [0x0000000740000000, 0x0000000744600000, 0x0000000795580000)
  object space 71680K, 16% used [0x0000000740000000,0x0000000740b93da0,0x0000000744600000)
 Metaspace       used 20604K, capacity 22150K, committed 22400K, reserved 1069056K
  class space    used 2819K, capacity 3118K, committed 3200K, reserved 1048576K
Event: 596.247 GC heap after
Heap after GC invocations=6 (full 1):
 PSYoungGen      total 37888K, used 1472K [0x0000000795580000, 0x0000000799080000, 0x00000007c0000000)
  eden space 32768K, 0% used [0x0000000795580000,0x0000000795580000,0x0000000797580000)
  from space 5120K, 28% used [0x0000000797600000,0x0000000797770000,0x0000000797b00000)
  to   space 13824K, 0% used [0x0000000798300000,0x0000000798300000,0x0000000799080000)
 ParOldGen       total 71680K, used 11863K [0x0000000740000000, 0x0000000744600000, 0x0000000795580000)
  object space 71680K, 16% used [0x0000000740000000,0x0000000740b95da0,0x0000000744600000)
 Metaspace       used 20604K, capacity 22150K, committed 22400K, reserved 1069056K
  class space    used 2819K, capacity 3118K, committed 3200K, reserved 1048576K
}

