# JRE version: Java(TM) SE Runtime Environment (8.0_51-b16) (build 1.8.0_51-b16)
# Java VM: Java HotSpot(TM) 64-Bit Server VM (25.51-b03 mixed mode bsd-amd64 compressed oops)
Heap:
 PSYoungGen      total 43008K, used 15462K [0x0000000795580000, 0x0000000798d00000, 0x00000007c0000000)
  eden space 32256K, 32% used [0x0000000795580000,0x0000000795fd88d0,0x0000000797500000)
  from space 10752K, 45% used [0x0000000798280000,0x0000000798741010,0x0000000798d00000)
  to   space 12288K, 0% used [0x0000000797500000,0x0000000797500000,0x0000000798100000)
 ParOldGen       total 77824K, used 13359K [0x0000000740000000, 0x0000000744c00000, 0x0000000795580000)
  object space 77824K, 17% used [0x0000000740000000,0x0000000740d0bfb8,0x0000000744c00000)
 Metaspace       used 23374K, capacity 24910K, committed 24960K, reserved 1071104K
  class space    used 3157K, capacity 3451K, committed 3456K, reserved 1048576K
GC Heap History (10 events):
Event: 8.113 GC heap before
{Heap before GC invocations=3 (full 0):
 PSYoungGen      total 38400K, used 30065K [0x0000000795580000, 0x0000000798000000, 0x00000007c0000000)
  eden space 33280K, 75% used [0x0000000795580000,0x0000000796de0480,0x0000000797600000)
  from space 5120K, 99% used [0x0000000797b00000,0x0000000797ffc030,0x0000000798000000)
  to   space 5120K, 0% used [0x0000000797600000,0x0000000797600000,0x0000000797b00000)
 ParOldGen       total 87552K, used 2234K [0x0000000740000000, 0x0000000745580000, 0x0000000795580000)
  object space 87552K, 2% used [0x0000000740000000,0x000000074022e8f8,0x0000000745580000)
 Metaspace       used 19953K, capacity 21166K, committed 21296K, reserved 1067008K
  class space    used 2856K, capacity 3115K, committed 3200K, reserved 1048576K
Event: 8.128 GC heap after
Heap after GC invocations=3 (full 0):
 PSYoungGen      total 38400K, used 5088K [0x0000000795580000, 0x0000000798000000, 0x00000007c0000000)
  eden space 33280K, 0% used [0x0000000795580000,0x0000000795580000,0x0000000797600000)
  from space 5120K, 99% used [0x0000000797600000,0x0000000797af8040,0x0000000797b00000)
  to   space 5120K, 0% used [0x0000000797b00000,0x0000000797b00000,0x0000000798000000)
 ParOldGen       total 87552K, used 8916K [0x0000000740000000, 0x0000000745580000, 0x0000000795580000)
  object space 87552K, 10% used [0x0000000740000000,0x00000007408b53b8,0x0000000745580000)
 Metaspace       used 19953K, capacity 21166K, committed 21296K, reserved 1067008K
  class space    used 2856K, capacity 3115K, committed 3200K, reserved 1048576K
}
Event: 8.128 GC heap before
{Heap before GC invocations=4 (full 1):
 PSYoungGen      total 38400K, used 5088K [0x0000000795580000, 0x0000000798000000, 0x00000007c0000000)
  eden space 33280K, 0% used [0x0000000795580000,0x0000000795580000,0x0000000797600000)
  from space 5120K, 99% used [0x0000000797600000,0x0000000797af8040,0x0000000797b00000)
  to   space 5120K, 0% used [0x0000000797b00000,0x0000000797b00000,0x0000000798000000)
 ParOldGen       total 87552K, used 8916K [0x0000000740000000, 0x0000000745580000, 0x0000000795580000)
  object space 87552K, 10% used [0x0000000740000000,0x00000007408b53b8,0x0000000745580000)
 Metaspace       used 19953K, capacity 21166K, committed 21296K, reserved 1067008K
  class space    used 2856K, capacity 3115K, committed 3200K, reserved 1048576K
Event: 8.245 GC heap after
Heap after GC invocations=4 (full 1):
 PSYoungGen      total 38400K, used 0K [0x0000000795580000, 0x0000000798000000, 0x00000007c0000000)
  eden space 33280K, 0% used [0x0000000795580000,0x0000000795580000,0x0000000797600000)
  from space 5120K, 0% used [0x0000000797600000,0x0000000797600000,0x0000000797b00000)
  to   space 5120K, 0% used [0x0000000797b00000,0x0000000797b00000,0x0000000798000000)
 ParOldGen       total 77824K, used 13335K [0x0000000740000000, 0x0000000744c00000, 0x0000000795580000)
  object space 77824K, 17% used [0x0000000740000000,0x0000000740d05fb8,0x0000000744c00000)
 Metaspace       used 19953K, capacity 21166K, committed 21296K, reserved 1067008K
  class space    used 2856K, capacity 3115K, committed 3200K, reserved 1048576K
}
Event: 182.666 GC heap before
{Heap before GC invocations=5 (full 1):
 PSYoungGen      total 38400K, used 33280K [0x0000000795580000, 0x0000000798000000, 0x00000007c0000000)
  eden space 33280K, 100% used [0x0000000795580000,0x0000000797600000,0x0000000797600000)
  from space 5120K, 0% used [0x0000000797600000,0x0000000797600000,0x0000000797b00000)
  to   space 5120K, 0% used [0x0000000797b00000,0x0000000797b00000,0x0000000798000000)
 ParOldGen       total 77824K, used 13335K [0x0000000740000000, 0x0000000744c00000, 0x0000000795580000)
  object space 77824K, 17% used [0x0000000740000000,0x0000000740d05fb8,0x0000000744c00000)
 Metaspace       used 21970K, capacity 23358K, committed 23552K, reserved 1069056K
  class space    used 3003K, capacity 3285K, committed 3328K, reserved 1048576K
Event: 182.671 GC heap after
Heap after GC invocations=5 (full 1):
 PSYoungGen      total 38400K, used 2304K [0x0000000795580000, 0x0000000798880000, 0x00000007c0000000)
  eden space 33280K, 0% used [0x0000000795580000,0x0000000795580000,0x0000000797600000)
  from space 5120K, 45% used [0x0000000797b00000,0x0000000797d40000,0x0000000798000000)
  to   space 5120K, 0% used [0x0000000797600000,0x0000000797600000,0x0000000797b00000)
 ParOldGen       total 77824K, used 13343K [0x0000000740000000, 0x0000000744c00000, 0x0000000795580000)
  object space 77824K, 17% used [0x0000000740000000,0x0000000740d07fb8,0x0000000744c00000)
 Metaspace       used 21970K, capacity 23358K, committed 23552K, reserved 1069056K
  class space    used 3003K, capacity 3285K, committed 3328K, reserved 1048576K
}
Event: 657.352 GC heap before
{Heap before GC invocations=6 (full 1):
 PSYoungGen      total 38400K, used 35584K [0x0000000795580000, 0x0000000798880000, 0x00000007c0000000)
  eden space 33280K, 100% used [0x0000000795580000,0x0000000797600000,0x0000000797600000)
  from space 5120K, 45% used [0x0000000797b00000,0x0000000797d40000,0x0000000798000000)
  to   space 5120K, 0% used [0x0000000797600000,0x0000000797600000,0x0000000797b00000)
 ParOldGen       total 77824K, used 13343K [0x0000000740000000, 0x0000000744c00000, 0x0000000795580000)
  object space 77824K, 17% used [0x0000000740000000,0x0000000740d07fb8,0x0000000744c00000)
 Metaspace       used 22442K, capacity 23818K, committed 24064K, reserved 1071104K
  class space    used 3009K, capacity 3285K, committed 3328K, reserved 1048576K
Event: 657.358 GC heap after
Heap after GC invocations=6 (full 1):
 PSYoungGen      total 37888K, used 3200K [0x0000000795580000, 0x0000000798f80000, 0x00000007c0000000)
  eden space 32768K, 0% used [0x0000000795580000,0x0000000795580000,0x0000000797580000)
  from space 5120K, 62% used [0x0000000797600000,0x0000000797920000,0x0000000797b00000)
  to   space 13312K, 0% used [0x0000000798280000,0x0000000798280000,0x0000000798f80000)
 ParOldGen       total 77824K, used 13351K [0x0000000740000000, 0x0000000744c00000, 0x0000000795580000)
  object space 77824K, 17% used [0x0000000740000000,0x0000000740d09fb8,0x0000000744c00000)
 Metaspace       used 22442K, capacity 23818K, committed 24064K, reserved 1071104K
  class space    used 3009K, capacity 3285K, committed 3328K, reserved 1048576K
}
Event: 840.329 GC heap before
{Heap before GC invocations=7 (full 1):
 PSYoungGen      total 37888K, used 35968K [0x0000000795580000, 0x0000000798f80000, 0x00000007c0000000)
  eden space 32768K, 100% used [0x0000000795580000,0x0000000797580000,0x0000000797580000)
  from space 5120K, 62% used [0x0000000797600000,0x0000000797920000,0x0000000797b00000)
  to   space 13312K, 0% used [0x0000000798280000,0x0000000798280000,0x0000000798f80000)
 ParOldGen       total 77824K, used 13351K [0x0000000740000000, 0x0000000744c00000, 0x0000000795580000)
  object space 77824K, 17% used [0x0000000740000000,0x0000000740d09fb8,0x0000000744c00000)
 Metaspace       used 23332K, capacity 24846K, committed 24960K, reserved 1071104K
  class space    used 3149K, capacity 3411K, committed 3456K, reserved 1048576K
Event: 840.338 GC heap after
Heap after GC invocations=7 (full 1):
 PSYoungGen      total 43008K, used 4868K [0x0000000795580000, 0x0000000798d00000, 0x00000007c0000000)
  eden space 32256K, 0% used [0x0000000795580000,0x0000000795580000,0x0000000797500000)
  from space 10752K, 45% used [0x0000000798280000,0x0000000798741010,0x0000000798d00000)
  to   space 12288K, 0% used [0x0000000797500000,0x0000000797500000,0x0000000798100000)
 ParOldGen       total 77824K, used 13359K [0x0000000740000000, 0x0000000744c00000, 0x0000000795580000)
  object space 77824K, 17% used [0x0000000740000000,0x0000000740d0bfb8,0x0000000744c00000)
 Metaspace       used 23332K, capacity 24846K, committed 24960K, reserved 1071104K
  class space    used 3149K, capacity 3411K, committed 3456K, reserved 1048576K
}

